<?xml version="1.0" encoding="utf-8"?><testsuites name="pytest tests"><testsuite name="pytest" errors="0" failures="0" skipped="0" tests="30" time="4.323" timestamp="2026-02-26T20:49:29.523871+00:00" hostname="agent-env-c6714f7d-a52c-417b-89a2-714975d96ca0"><testcase classname="backend.tests.test_postsnap_v2.TestHealth" name="test_api_root" time="0.259" /><testcase classname="backend.tests.test_postsnap_v2.TestHealth" name="test_health" time="0.106" /><testcase classname="backend.tests.test_postsnap_v2.TestAuth" name="test_register_new_user" time="0.161" /><testcase classname="backend.tests.test_postsnap_v2.TestAuth" name="test_register_duplicate_email" time="0.237" /><testcase classname="backend.tests.test_postsnap_v2.TestAuth" name="test_login_valid_credentials" time="0.329" /><testcase classname="backend.tests.test_postsnap_v2.TestAuth" name="test_login_invalid_credentials" time="0.152" /><testcase classname="backend.tests.test_postsnap_v2.TestAuth" name="test_login_nonexistent_user" time="0.077" /><testcase classname="backend.tests.test_postsnap_v2.TestAuth" name="test_auth_me_with_token" time="0.331" /><testcase classname="backend.tests.test_postsnap_v2.TestAuth" name="test_auth_me_without_token" time="0.272" /><testcase classname="backend.tests.test_postsnap_v2.TestAccount" name="test_bootstrap_account" time="0.081" /><testcase classname="backend.tests.test_postsnap_v2.TestAccount" name="test_get_account_me" time="0.095" /><testcase classname="backend.tests.test_postsnap_v2.TestAccount" name="test_update_business_profile" time="0.080" /><testcase classname="backend.tests.test_postsnap_v2.TestAccount" name="test_get_profile_after_update" time="0.078" /><testcase classname="backend.tests.test_postsnap_v2.TestGenerate" name="test_generate_caption_no_auth" time="0.076" /><testcase classname="backend.tests.test_postsnap_v2.TestGenerate" name="test_generate_caption_with_auth" time="0.081" /><testcase classname="backend.tests.test_postsnap_v2.TestGenerate" name="test_generate_image" time="0.078" /><testcase classname="backend.tests.test_postsnap_v2.TestPosts" name="test_create_post" time="0.083" /><testcase classname="backend.tests.test_postsnap_v2.TestPosts" name="test_list_posts" time="0.159" /><testcase classname="backend.tests.test_postsnap_v2.TestPosts" name="test_get_single_post" time="0.079" /><testcase classname="backend.tests.test_postsnap_v2.TestPosts" name="test_filter_posts_by_status" time="0.078" /><testcase classname="backend.tests.test_postsnap_v2.TestPosts" name="test_publish_post" time="0.391" /><testcase classname="backend.tests.test_postsnap_v2.TestPosts" name="test_delete_post" time="0.072" /><testcase classname="backend.tests.test_postsnap_v2.TestPosts" name="test_posts_require_auth" time="0.172" /><testcase classname="backend.tests.test_postsnap_v2.TestSocial" name="test_get_social_accounts" time="0.085" /><testcase classname="backend.tests.test_postsnap_v2.TestSocial" name="test_connect_instagram" time="0.078" /><testcase classname="backend.tests.test_postsnap_v2.TestSocial" name="test_disconnect_instagram" time="0.101" /><testcase classname="backend.tests.test_postsnap_v2.TestSocial" name="test_social_requires_auth" time="0.146" /><testcase classname="backend.tests.test_postsnap_v2.TestSubscription" name="test_get_subscription_status" time="0.079" /><testcase classname="backend.tests.test_postsnap_v2.TestSubscription" name="test_upgrade_subscription" time="0.089" /><testcase classname="backend.tests.test_postsnap_v2.TestSubscription" name="test_subscription_requires_auth" time="0.145" /></testsuite></testsuites>