<?xml version="1.0" encoding="utf-8"?><testsuites name="pytest tests"><testsuite name="pytest" errors="0" failures="0" skipped="0" tests="11" time="5.600" timestamp="2026-02-26T17:19:27.202798+00:00" hostname="agent-env-8044d40f-ff81-42ec-8d5c-ffcdb1fddd03"><testcase classname="backend.tests.test_postsnap" name="test_api_root" time="0.268" /><testcase classname="backend.tests.test_postsnap" name="test_health" time="0.116" /><testcase classname="backend.tests.test_postsnap" name="test_generate_caption" time="3.804" /><testcase classname="backend.tests.test_postsnap" name="test_subscription_status" time="0.193" /><testcase classname="backend.tests.test_postsnap" name="test_entitlement_check" time="0.171" /><testcase classname="backend.tests.test_postsnap" name="test_save_post" time="0.172" /><testcase classname="backend.tests.test_postsnap" name="test_get_posts" time="0.159" /><testcase classname="backend.tests.test_postsnap" name="test_get_posts_filter_draft" time="0.115" /><testcase classname="backend.tests.test_postsnap" name="test_get_social_accounts" time="0.177" /><testcase classname="backend.tests.test_postsnap" name="test_save_business_profile" time="0.185" /><testcase classname="backend.tests.test_postsnap" name="test_get_business_profile" time="0.119" /></testsuite></testsuites>