<?xml version="1.0" encoding="utf-8"?><testsuites name="pytest tests"><testsuite name="pytest" errors="0" failures="0" skipped="0" tests="10" time="2.223" timestamp="2026-02-26T22:24:34.256401+00:00" hostname="agent-env-3d0b2b55-7d1c-41d1-941f-8e0c4cfaea48"><testcase classname="backend.tests.test_schedule_feature.TestScheduledPostCreation" name="test_create_scheduled_post_with_scheduledAt" time="0.519" /><testcase classname="backend.tests.test_schedule_feature.TestScheduledPostCreation" name="test_create_scheduled_post_no_platforms" time="0.091" /><testcase classname="backend.tests.test_schedule_feature.TestScheduledPostCreation" name="test_create_scheduled_post_returns_scheduledAt" time="0.117" /><testcase classname="backend.tests.test_schedule_feature.TestScheduledPostCreation" name="test_create_draft_post_no_scheduledAt" time="0.086" /><testcase classname="backend.tests.test_schedule_feature.TestScheduledPostFilter" name="test_list_all_posts_includes_scheduled" time="0.536" /><testcase classname="backend.tests.test_schedule_feature.TestScheduledPostFilter" name="test_filter_posts_by_scheduled_status" time="0.094" /><testcase classname="backend.tests.test_schedule_feature.TestScheduledPostFilter" name="test_filter_drafts_excludes_scheduled" time="0.099" /><testcase classname="backend.tests.test_schedule_feature.TestScheduledPostFilter" name="test_scheduled_posts_have_scheduledAt_field" time="0.091" /><testcase classname="backend.tests.test_schedule_feature.TestDraftToScheduledUpsert" name="test_upsert_draft_to_scheduled" time="0.273" /><testcase classname="backend.tests.test_schedule_feature.TestScheduledPostGetById" name="test_get_scheduled_post_by_id" time="0.183" /></testsuite></testsuites>